surveysdk/build/intermediates/manifest_merge_blame_file/release/manifest-merger-blame-release-report.txt
1<?xml version="1.0" encoding="utf-8"?>
2<manifest xmlns:android="http://schemas.android.com/apk/res/android"
3    package="com.example.surveysdk" >
4
5    <uses-sdk android:minSdkVersion="21" />
6
7    <uses-permission android:name="android.permission.INTERNET" />
7-->src\main\AndroidManifest.xml:3:2-64
7-->src\main\AndroidManifest.xml:3:19-61
8    <uses-permission android:name="android.permission.ACCESS_NETWORK_STATE" />
8-->src\main\AndroidManifest.xml:4:2-76
8-->src\main\AndroidManifest.xml:4:19-73
9    <uses-permission android:name="android.permission.ACCESS_FINE_LOCATION" />
9-->src\main\AndroidManifest.xml:5:2-76
9-->src\main\AndroidManifest.xml:5:19-73
10    <uses-permission android:name="android.permission.ACCESS_COARSE_LOCATION" />
10-->src\main\AndroidManifest.xml:6:2-78
10-->src\main\AndroidManifest.xml:6:19-75
11
12    <application>
12-->src\main\AndroidManifest.xml:7:2-13:16
13
14        <!-- Survey Activities WITH THEMES -->
15        <activity
15-->src\main\AndroidManifest.xml:9:3-138
16            android:name="com.example.surveysdk.SurveyFullScreenActivity"
16-->src\main\AndroidManifest.xml:9:13-53
17            android:exported="false"
17-->src\main\AndroidManifest.xml:9:54-78
18            android:theme="@style/Theme.AppCompat.Light.NoActionBar" />
18-->src\main\AndroidManifest.xml:9:79-135
19        <activity
19-->src\main\AndroidManifest.xml:10:3-129
20            android:name="com.example.surveysdk.SurveyDialogActivity"
20-->src\main\AndroidManifest.xml:10:13-49
21            android:exported="false"
21-->src\main\AndroidManifest.xml:10:50-74
22            android:theme="@style/Theme.AppCompat.Light.Dialog" />
22-->src\main\AndroidManifest.xml:10:75-126
23        <activity
23-->src\main\AndroidManifest.xml:11:3-139
24            android:name="com.example.surveysdk.SurveyBottomSheetActivity"
24-->src\main\AndroidManifest.xml:11:13-54
25            android:exported="false"
25-->src\main\AndroidManifest.xml:11:55-79
26            android:theme="@style/Theme.AppCompat.Light.NoActionBar" />
26-->src\main\AndroidManifest.xml:11:80-136
27        <activity
27-->src\main\AndroidManifest.xml:12:3-138
28            android:name="com.example.surveysdk.SurveyForegroundActivity"
28-->src\main\AndroidManifest.xml:12:13-53
29            android:exported="false"
29-->src\main\AndroidManifest.xml:12:54-78
30            android:theme="@style/Theme.AppCompat.Light.NoActionBar" />
30-->src\main\AndroidManifest.xml:12:79-135
31    </application>
32
33</manifest>